<?xml version='1.0' encoding='UTF-8' ?>
<testsuite name="lk.ac.mrt.cse.dbs.simpleexpensemanager.ApplicationTest" tests="2" failures="0" errors="0" skipped="0" time="0.838" timestamp="2022-05-17T13:50:52" hostname="localhost">
  <properties>
    <property name="device" value="Pixel_2_API_30_2(AVD) - 11" />
    <property name="flavor" value="" />
    <property name="project" value="app" />
  </properties>
  <testcase name="addAccountTest" classname="lk.ac.mrt.cse.dbs.simpleexpensemanager.ApplicationTest" time="0.025" />
  <testcase name="checkNotExistingAccountTest" classname="lk.ac.mrt.cse.dbs.simpleexpensemanager.ApplicationTest" time="0.001" />
</testsuite>